# Logfile created on 2022-06-04 08:39:15 +0000 by logger.rb/v1.4.2
{"severity":"DEBUG","time":"2022-06-04T08:39:15.919Z","correlation_id":null,"message":"ActiveRecord connection established"}
{"severity":"DEBUG","time":"2022-06-04T08:39:16.633Z","correlation_id":null,"message":"Fallback to OmniAuth static full_host"}
{"severity":"INFO","time":"2022-06-04T08:39:16.665Z","correlation_id":null,"message":"Syncing dynamic postgres partitions"}
{"severity":"DEBUG","time":"2022-06-04T08:39:16.666Z","correlation_id":null,"message":"Switched database connection","connection_name":"main"}
{"severity":"INFO","time":"2022-06-04T08:39:16.668Z","correlation_id":null,"message":"Checking state of dynamic postgres partitions","table_name":"audit_events","connection_name":"main"}
{"severity":"DEBUG","time":"2022-06-04T08:39:16.669Z","correlation_id":null,"message":"Switched database connection","connection_name":"main"}
{"severity":"INFO","time":"2022-06-04T08:39:16.671Z","correlation_id":null,"message":"Checking state of dynamic postgres partitions","table_name":"web_hook_logs","connection_name":"main"}
{"severity":"DEBUG","time":"2022-06-04T08:39:16.673Z","correlation_id":null,"message":"Switched database connection","connection_name":"main"}
{"severity":"INFO","time":"2022-06-04T08:39:16.673Z","correlation_id":null,"message":"Checking state of dynamic postgres partitions","table_name":"loose_foreign_keys_deleted_records","connection_name":"main"}
{"severity":"DEBUG","time":"2022-06-04T08:39:16.675Z","correlation_id":null,"message":"Switched database connection","connection_name":"main"}
{"severity":"INFO","time":"2022-06-04T08:39:16.675Z","correlation_id":null,"message":"Checking state of dynamic postgres partitions","table_name":"batched_background_migration_job_transition_logs","connection_name":"main"}
{"severity":"DEBUG","time":"2022-06-04T08:39:16.676Z","correlation_id":null,"message":"Switched database connection","connection_name":"main"}
{"severity":"INFO","time":"2022-06-04T08:39:16.677Z","correlation_id":null,"message":"Checking state of dynamic postgres partitions","table_name":"incident_management_pending_alert_escalations","connection_name":"main"}
{"severity":"DEBUG","time":"2022-06-04T08:39:16.678Z","correlation_id":null,"message":"Switched database connection","connection_name":"main"}
{"severity":"INFO","time":"2022-06-04T08:39:16.678Z","correlation_id":null,"message":"Checking state of dynamic postgres partitions","table_name":"incident_management_pending_issue_escalations","connection_name":"main"}
{"severity":"DEBUG","time":"2022-06-04T08:39:16.680Z","correlation_id":null,"message":"Switched database connection","connection_name":"main"}
{"severity":"INFO","time":"2022-06-04T08:39:16.680Z","correlation_id":null,"message":"Checking state of dynamic postgres partitions","table_name":"verification_codes","connection_name":"main"}
{"severity":"INFO","time":"2022-06-04T08:39:16.681Z","correlation_id":null,"message":"Finished sync of dynamic postgres partitions"}
{"severity":"INFO","time":"2022-06-04T08:39:26.824Z","correlation_id":null,"message":"Syncing dynamic postgres partitions"}
{"severity":"DEBUG","time":"2022-06-04T08:39:26.825Z","correlation_id":null,"message":"Switched database connection","connection_name":"main"}
{"severity":"INFO","time":"2022-06-04T08:39:26.833Z","correlation_id":null,"message":"Checking state of dynamic postgres partitions","table_name":"audit_events","connection_name":"main"}
{"severity":"INFO","time":"2022-06-04T08:39:26.898Z","correlation_id":null,"method":"with_lock_retries","class":"Gitlab::Database::Partitioning::PartitionManager","message":"Lock timeout is set","current_iteration":1,"lock_timeout_in_ms":100}
{"severity":"INFO","time":"2022-06-04T08:39:26.909Z","correlation_id":null,"message":"Created partition","partition_name":"audit_events_000000","table_name":"audit_events"}
{"severity":"INFO","time":"2022-06-04T08:39:26.914Z","correlation_id":null,"message":"Created partition","partition_name":"audit_events_202206","table_name":"audit_events"}
{"severity":"INFO","time":"2022-06-04T08:39:26.920Z","correlation_id":null,"message":"Created partition","partition_name":"audit_events_202207","table_name":"audit_events"}
{"severity":"INFO","time":"2022-06-04T08:39:26.925Z","correlation_id":null,"message":"Created partition","partition_name":"audit_events_202208","table_name":"audit_events"}
{"severity":"INFO","time":"2022-06-04T08:39:26.930Z","correlation_id":null,"message":"Created partition","partition_name":"audit_events_202209","table_name":"audit_events"}
{"severity":"INFO","time":"2022-06-04T08:39:26.935Z","correlation_id":null,"message":"Created partition","partition_name":"audit_events_202210","table_name":"audit_events"}
{"severity":"INFO","time":"2022-06-04T08:39:26.941Z","correlation_id":null,"message":"Created partition","partition_name":"audit_events_202211","table_name":"audit_events"}
{"severity":"INFO","time":"2022-06-04T08:39:26.947Z","correlation_id":null,"message":"Created partition","partition_name":"audit_events_202212","table_name":"audit_events"}
{"severity":"INFO","time":"2022-06-04T08:39:26.947Z","correlation_id":null,"method":"with_lock_retries","class":"Gitlab::Database::Partitioning::PartitionManager","message":"Migration finished","current_iteration":1,"lock_timeout_in_ms":100}
{"severity":"DEBUG","time":"2022-06-04T08:39:26.984Z","correlation_id":null,"message":"Switched database connection","connection_name":"main"}
{"severity":"INFO","time":"2022-06-04T08:39:26.985Z","correlation_id":null,"message":"Checking state of dynamic postgres partitions","table_name":"web_hook_logs","connection_name":"main"}
{"severity":"INFO","time":"2022-06-04T08:39:27.028Z","correlation_id":null,"method":"with_lock_retries","class":"Gitlab::Database::Partitioning::PartitionManager","message":"Lock timeout is set","current_iteration":1,"lock_timeout_in_ms":100}
{"severity":"INFO","time":"2022-06-04T08:39:27.036Z","correlation_id":null,"message":"Created partition","partition_name":"web_hook_logs_202203","table_name":"web_hook_logs"}
{"severity":"INFO","time":"2022-06-04T08:39:27.042Z","correlation_id":null,"message":"Created partition","partition_name":"web_hook_logs_202204","table_name":"web_hook_logs"}
{"severity":"INFO","time":"2022-06-04T08:39:27.047Z","correlation_id":null,"message":"Created partition","partition_name":"web_hook_logs_202205","table_name":"web_hook_logs"}
{"severity":"INFO","time":"2022-06-04T08:39:27.053Z","correlation_id":null,"message":"Created partition","partition_name":"web_hook_logs_202206","table_name":"web_hook_logs"}
{"severity":"INFO","time":"2022-06-04T08:39:27.060Z","correlation_id":null,"message":"Created partition","partition_name":"web_hook_logs_202207","table_name":"web_hook_logs"}
{"severity":"INFO","time":"2022-06-04T08:39:27.065Z","correlation_id":null,"message":"Created partition","partition_name":"web_hook_logs_202208","table_name":"web_hook_logs"}
{"severity":"INFO","time":"2022-06-04T08:39:27.070Z","correlation_id":null,"message":"Created partition","partition_name":"web_hook_logs_202209","table_name":"web_hook_logs"}
{"severity":"INFO","time":"2022-06-04T08:39:27.075Z","correlation_id":null,"message":"Created partition","partition_name":"web_hook_logs_202210","table_name":"web_hook_logs"}
{"severity":"INFO","time":"2022-06-04T08:39:27.080Z","correlation_id":null,"message":"Created partition","partition_name":"web_hook_logs_202211","table_name":"web_hook_logs"}
{"severity":"INFO","time":"2022-06-04T08:39:27.086Z","correlation_id":null,"message":"Created partition","partition_name":"web_hook_logs_202212","table_name":"web_hook_logs"}
{"severity":"INFO","time":"2022-06-04T08:39:27.086Z","correlation_id":null,"method":"with_lock_retries","class":"Gitlab::Database::Partitioning::PartitionManager","message":"Migration finished","current_iteration":1,"lock_timeout_in_ms":100}
{"severity":"DEBUG","time":"2022-06-04T08:39:27.118Z","correlation_id":null,"message":"Switched database connection","connection_name":"main"}
{"severity":"INFO","time":"2022-06-04T08:39:27.118Z","correlation_id":null,"message":"Checking state of dynamic postgres partitions","table_name":"loose_foreign_keys_deleted_records","connection_name":"main"}
{"severity":"INFO","time":"2022-06-04T08:39:27.143Z","correlation_id":null,"method":"with_lock_retries","class":"Gitlab::Database::Partitioning::PartitionManager","message":"Lock timeout is set","current_iteration":1,"lock_timeout_in_ms":100}
{"severity":"INFO","time":"2022-06-04T08:39:27.149Z","correlation_id":null,"message":"Created partition","partition_name":"loose_foreign_keys_deleted_records_1","table_name":"loose_foreign_keys_deleted_records"}
{"severity":"INFO","time":"2022-06-04T08:39:27.165Z","correlation_id":null,"method":"with_lock_retries","class":"Gitlab::Database::Partitioning::PartitionManager","message":"Migration finished","current_iteration":1,"lock_timeout_in_ms":100}
{"severity":"DEBUG","time":"2022-06-04T08:39:27.186Z","correlation_id":null,"message":"Switched database connection","connection_name":"main"}
{"severity":"INFO","time":"2022-06-04T08:39:27.186Z","correlation_id":null,"message":"Checking state of dynamic postgres partitions","table_name":"batched_background_migration_job_transition_logs","connection_name":"main"}
{"severity":"INFO","time":"2022-06-04T08:39:27.236Z","correlation_id":null,"method":"with_lock_retries","class":"Gitlab::Database::Partitioning::PartitionManager","message":"Lock timeout is set","current_iteration":1,"lock_timeout_in_ms":100}
{"severity":"INFO","time":"2022-06-04T08:39:27.244Z","correlation_id":null,"message":"Created partition","partition_name":"batched_background_migration_job_transition_logs_202112","table_name":"batched_background_migration_job_transition_logs"}
{"severity":"INFO","time":"2022-06-04T08:39:27.249Z","correlation_id":null,"message":"Created partition","partition_name":"batched_background_migration_job_transition_logs_202201","table_name":"batched_background_migration_job_transition_logs"}
{"severity":"INFO","time":"2022-06-04T08:39:27.254Z","correlation_id":null,"message":"Created partition","partition_name":"batched_background_migration_job_transition_logs_202202","table_name":"batched_background_migration_job_transition_logs"}
{"severity":"INFO","time":"2022-06-04T08:39:27.259Z","correlation_id":null,"message":"Created partition","partition_name":"batched_background_migration_job_transition_logs_202203","table_name":"batched_background_migration_job_transition_logs"}
{"severity":"INFO","time":"2022-06-04T08:39:27.264Z","correlation_id":null,"message":"Created partition","partition_name":"batched_background_migration_job_transition_logs_202204","table_name":"batched_background_migration_job_transition_logs"}
{"severity":"INFO","time":"2022-06-04T08:39:27.273Z","correlation_id":null,"message":"Created partition","partition_name":"batched_background_migration_job_transition_logs_202205","table_name":"batched_background_migration_job_transition_logs"}
{"severity":"INFO","time":"2022-06-04T08:39:27.278Z","correlation_id":null,"message":"Created partition","partition_name":"batched_background_migration_job_transition_logs_202206","table_name":"batched_background_migration_job_transition_logs"}
{"severity":"INFO","time":"2022-06-04T08:39:27.284Z","correlation_id":null,"message":"Created partition","partition_name":"batched_background_migration_job_transition_logs_202207","table_name":"batched_background_migration_job_transition_logs"}
{"severity":"INFO","time":"2022-06-04T08:39:27.290Z","correlation_id":null,"message":"Created partition","partition_name":"batched_background_migration_job_transition_logs_202208","table_name":"batched_background_migration_job_transition_logs"}
{"severity":"INFO","time":"2022-06-04T08:39:27.296Z","correlation_id":null,"message":"Created partition","partition_name":"batched_background_migration_job_transition_logs_202209","table_name":"batched_background_migration_job_transition_logs"}
{"severity":"INFO","time":"2022-06-04T08:39:27.302Z","correlation_id":null,"message":"Created partition","partition_name":"batched_background_migration_job_transition_logs_202210","table_name":"batched_background_migration_job_transition_logs"}
{"severity":"INFO","time":"2022-06-04T08:39:27.308Z","correlation_id":null,"message":"Created partition","partition_name":"batched_background_migration_job_transition_logs_202211","table_name":"batched_background_migration_job_transition_logs"}
{"severity":"INFO","time":"2022-06-04T08:39:27.314Z","correlation_id":null,"message":"Created partition","partition_name":"batched_background_migration_job_transition_logs_202212","table_name":"batched_background_migration_job_transition_logs"}
{"severity":"INFO","time":"2022-06-04T08:39:27.315Z","correlation_id":null,"method":"with_lock_retries","class":"Gitlab::Database::Partitioning::PartitionManager","message":"Migration finished","current_iteration":1,"lock_timeout_in_ms":100}
{"severity":"DEBUG","time":"2022-06-04T08:39:27.353Z","correlation_id":null,"message":"Switched database connection","connection_name":"main"}
{"severity":"INFO","time":"2022-06-04T08:39:27.353Z","correlation_id":null,"message":"Checking state of dynamic postgres partitions","table_name":"incident_management_pending_alert_escalations","connection_name":"main"}
{"severity":"INFO","time":"2022-06-04T08:39:27.407Z","correlation_id":null,"method":"with_lock_retries","class":"Gitlab::Database::Partitioning::PartitionManager","message":"Lock timeout is set","current_iteration":1,"lock_timeout_in_ms":100}
{"severity":"INFO","time":"2022-06-04T08:39:27.414Z","correlation_id":null,"message":"Created partition","partition_name":"incident_management_pending_alert_escalations_000000","table_name":"incident_management_pending_alert_escalations"}
{"severity":"INFO","time":"2022-06-04T08:39:27.420Z","correlation_id":null,"message":"Created partition","partition_name":"incident_management_pending_alert_escalations_202206","table_name":"incident_management_pending_alert_escalations"}
{"severity":"INFO","time":"2022-06-04T08:39:27.424Z","correlation_id":null,"message":"Created partition","partition_name":"incident_management_pending_alert_escalations_202207","table_name":"incident_management_pending_alert_escalations"}
{"severity":"INFO","time":"2022-06-04T08:39:27.429Z","correlation_id":null,"message":"Created partition","partition_name":"incident_management_pending_alert_escalations_202208","table_name":"incident_management_pending_alert_escalations"}
{"severity":"INFO","time":"2022-06-04T08:39:27.433Z","correlation_id":null,"message":"Created partition","partition_name":"incident_management_pending_alert_escalations_202209","table_name":"incident_management_pending_alert_escalations"}
{"severity":"INFO","time":"2022-06-04T08:39:27.437Z","correlation_id":null,"message":"Created partition","partition_name":"incident_management_pending_alert_escalations_202210","table_name":"incident_management_pending_alert_escalations"}
{"severity":"INFO","time":"2022-06-04T08:39:27.443Z","correlation_id":null,"message":"Created partition","partition_name":"incident_management_pending_alert_escalations_202211","table_name":"incident_management_pending_alert_escalations"}
{"severity":"INFO","time":"2022-06-04T08:39:27.447Z","correlation_id":null,"message":"Created partition","partition_name":"incident_management_pending_alert_escalations_202212","table_name":"incident_management_pending_alert_escalations"}
{"severity":"INFO","time":"2022-06-04T08:39:27.447Z","correlation_id":null,"method":"with_lock_retries","class":"Gitlab::Database::Partitioning::PartitionManager","message":"Migration finished","current_iteration":1,"lock_timeout_in_ms":100}
{"severity":"DEBUG","time":"2022-06-04T08:39:27.479Z","correlation_id":null,"message":"Switched database connection","connection_name":"main"}
{"severity":"INFO","time":"2022-06-04T08:39:27.479Z","correlation_id":null,"message":"Checking state of dynamic postgres partitions","table_name":"incident_management_pending_issue_escalations","connection_name":"main"}
{"severity":"INFO","time":"2022-06-04T08:39:27.536Z","correlation_id":null,"method":"with_lock_retries","class":"Gitlab::Database::Partitioning::PartitionManager","message":"Lock timeout is set","current_iteration":1,"lock_timeout_in_ms":100}
{"severity":"INFO","time":"2022-06-04T08:39:27.544Z","correlation_id":null,"message":"Created partition","partition_name":"incident_management_pending_issue_escalations_000000","table_name":"incident_management_pending_issue_escalations"}
{"severity":"INFO","time":"2022-06-04T08:39:27.549Z","correlation_id":null,"message":"Created partition","partition_name":"incident_management_pending_issue_escalations_202206","table_name":"incident_management_pending_issue_escalations"}
{"severity":"INFO","time":"2022-06-04T08:39:27.554Z","correlation_id":null,"message":"Created partition","partition_name":"incident_management_pending_issue_escalations_202207","table_name":"incident_management_pending_issue_escalations"}
{"severity":"INFO","time":"2022-06-04T08:39:27.560Z","correlation_id":null,"message":"Created partition","partition_name":"incident_management_pending_issue_escalations_202208","table_name":"incident_management_pending_issue_escalations"}
{"severity":"INFO","time":"2022-06-04T08:39:27.566Z","correlation_id":null,"message":"Created partition","partition_name":"incident_management_pending_issue_escalations_202209","table_name":"incident_management_pending_issue_escalations"}
{"severity":"INFO","time":"2022-06-04T08:39:27.572Z","correlation_id":null,"message":"Created partition","partition_name":"incident_management_pending_issue_escalations_202210","table_name":"incident_management_pending_issue_escalations"}
{"severity":"INFO","time":"2022-06-04T08:39:27.577Z","correlation_id":null,"message":"Created partition","partition_name":"incident_management_pending_issue_escalations_202211","table_name":"incident_management_pending_issue_escalations"}
{"severity":"INFO","time":"2022-06-04T08:39:27.583Z","correlation_id":null,"message":"Created partition","partition_name":"incident_management_pending_issue_escalations_202212","table_name":"incident_management_pending_issue_escalations"}
{"severity":"INFO","time":"2022-06-04T08:39:27.584Z","correlation_id":null,"method":"with_lock_retries","class":"Gitlab::Database::Partitioning::PartitionManager","message":"Migration finished","current_iteration":1,"lock_timeout_in_ms":100}
{"severity":"DEBUG","time":"2022-06-04T08:39:27.619Z","correlation_id":null,"message":"Switched database connection","connection_name":"main"}
{"severity":"INFO","time":"2022-06-04T08:39:27.619Z","correlation_id":null,"message":"Checking state of dynamic postgres partitions","table_name":"verification_codes","connection_name":"main"}
{"severity":"INFO","time":"2022-06-04T08:39:27.681Z","correlation_id":null,"method":"with_lock_retries","class":"Gitlab::Database::Partitioning::PartitionManager","message":"Lock timeout is set","current_iteration":1,"lock_timeout_in_ms":100}
{"severity":"INFO","time":"2022-06-04T08:39:27.687Z","correlation_id":null,"message":"Created partition","partition_name":"verification_codes_000000","table_name":"verification_codes"}
{"severity":"INFO","time":"2022-06-04T08:39:27.692Z","correlation_id":null,"message":"Created partition","partition_name":"verification_codes_202206","table_name":"verification_codes"}
{"severity":"INFO","time":"2022-06-04T08:39:27.699Z","correlation_id":null,"message":"Created partition","partition_name":"verification_codes_202207","table_name":"verification_codes"}
{"severity":"INFO","time":"2022-06-04T08:39:27.704Z","correlation_id":null,"message":"Created partition","partition_name":"verification_codes_202208","table_name":"verification_codes"}
{"severity":"INFO","time":"2022-06-04T08:39:27.708Z","correlation_id":null,"message":"Created partition","partition_name":"verification_codes_202209","table_name":"verification_codes"}
{"severity":"INFO","time":"2022-06-04T08:39:27.713Z","correlation_id":null,"message":"Created partition","partition_name":"verification_codes_202210","table_name":"verification_codes"}
{"severity":"INFO","time":"2022-06-04T08:39:27.717Z","correlation_id":null,"message":"Created partition","partition_name":"verification_codes_202211","table_name":"verification_codes"}
{"severity":"INFO","time":"2022-06-04T08:39:27.721Z","correlation_id":null,"message":"Created partition","partition_name":"verification_codes_202212","table_name":"verification_codes"}
{"severity":"INFO","time":"2022-06-04T08:39:27.721Z","correlation_id":null,"method":"with_lock_retries","class":"Gitlab::Database::Partitioning::PartitionManager","message":"Migration finished","current_iteration":1,"lock_timeout_in_ms":100}
{"severity":"INFO","time":"2022-06-04T08:39:27.754Z","correlation_id":null,"message":"Finished sync of dynamic postgres partitions"}
{"severity":"INFO","time":"2022-06-04T08:39:29.051Z","correlation_id":null,"message":"User \"Administrator\" (admin@example.com) was created"}
{"severity":"DEBUG","time":"2022-06-04T08:39:29.133Z","correlation_id":null,"message":"Switched database connection","connection_name":"main"}
{"severity":"DEBUG","time":"2022-06-04T08:39:29.145Z","correlation_id":null,"message":"Switched database connection","connection_name":"main"}
{"severity":"INFO","time":"2022-06-04T08:39:29.433Z","correlation_id":null,"message":"Group \"GitLab Instance\" was created"}
{"severity":"INFO","time":"2022-06-04T08:39:33.258Z","correlation_id":"41549056ab7dca97f88c80c05dabc5a1","message":"Administrator created a new project \"GitLab Instance / Monitoring\""}
{"severity":"ERROR","time":"2022-06-04T08:39:33.475Z","correlation_id":"41549056ab7dca97f88c80c05dabc5a1","message":"`AuthorizedProjectUpdate::ProjectRecalculateWorker.perform_async` cannot be called inside a transaction as this can lead to\nrace conditions when the worker runs before the transaction is committed and\ntries to access a model that has not been saved yet.\n\nUse an `after_commit` hook, or include `AfterCommitQueue` and use a `run_after_commit` block instead.\n"}
{"severity":"ERROR","time":"2022-06-04T08:39:33.496Z","correlation_id":"41549056ab7dca97f88c80c05dabc5a1","message":"`Projects::PostCreationWorker.perform_async` cannot be called inside a transaction as this can lead to\nrace conditions when the worker runs before the transaction is committed and\ntries to access a model that has not been saved yet.\n\nUse an `after_commit` hook, or include `AfterCommitQueue` and use a `run_after_commit` block instead.\n"}
{"severity":"INFO","time":"2022-06-04T08:39:33.964Z","correlation_id":null,"message":"running inline","class":"AuthorizedProjectsWorker","job_status":"running","queue":"authorized_projects","jid":null}
{"severity":"INFO","time":"2022-06-04T08:39:33.993Z","correlation_id":null,"event":"authorized_projects_refresh","user_id":1,"authorized_projects_refresh.source":"AuthorizedProjectsWorker","authorized_projects_refresh.rows_deleted_count":0,"authorized_projects_refresh.rows_added_count":0,"authorized_projects_refresh.rows_deleted_slice":[],"authorized_projects_refresh.rows_added_slice":[]}
{"severity":"ERROR","time":"2022-06-04T08:39:33.997Z","correlation_id":null,"message":"Cannot obtain an exclusive lease. There must be another instance already in execution."}
{"severity":"DEBUG","time":"2022-06-04T08:39:54.980Z","correlation_id":null,"message":"ActiveRecord connection established"}
{"severity":"DEBUG","time":"2022-06-04T08:39:56.252Z","correlation_id":null,"message":"Using OmniAuth proc initializer"}
{"severity":"INFO","time":"2022-06-04T08:39:56.289Z","correlation_id":null,"message":"Syncing dynamic postgres partitions"}
{"severity":"DEBUG","time":"2022-06-04T08:39:56.290Z","correlation_id":null,"message":"Switched database connection","connection_name":"main"}
{"severity":"INFO","time":"2022-06-04T08:39:56.292Z","correlation_id":null,"message":"Checking state of dynamic postgres partitions","table_name":"audit_events","connection_name":"main"}
{"severity":"DEBUG","time":"2022-06-04T08:39:56.362Z","correlation_id":null,"message":"Switched database connection","connection_name":"main"}
{"severity":"INFO","time":"2022-06-04T08:39:56.362Z","correlation_id":null,"message":"Checking state of dynamic postgres partitions","table_name":"web_hook_logs","connection_name":"main"}
{"severity":"DEBUG","time":"2022-06-04T08:39:56.423Z","correlation_id":null,"message":"Switched database connection","connection_name":"main"}
{"severity":"INFO","time":"2022-06-04T08:39:56.423Z","correlation_id":null,"message":"Checking state of dynamic postgres partitions","table_name":"loose_foreign_keys_deleted_records","connection_name":"main"}
{"severity":"DEBUG","time":"2022-06-04T08:39:56.489Z","correlation_id":null,"message":"Switched database connection","connection_name":"main"}
{"severity":"INFO","time":"2022-06-04T08:39:56.489Z","correlation_id":null,"message":"Checking state of dynamic postgres partitions","table_name":"batched_background_migration_job_transition_logs","connection_name":"main"}
{"severity":"DEBUG","time":"2022-06-04T08:39:56.547Z","correlation_id":null,"message":"Switched database connection","connection_name":"main"}
{"severity":"INFO","time":"2022-06-04T08:39:56.547Z","correlation_id":null,"message":"Checking state of dynamic postgres partitions","table_name":"incident_management_pending_alert_escalations","connection_name":"main"}
{"severity":"DEBUG","time":"2022-06-04T08:39:56.607Z","correlation_id":null,"message":"Switched database connection","connection_name":"main"}
{"severity":"INFO","time":"2022-06-04T08:39:56.607Z","correlation_id":null,"message":"Checking state of dynamic postgres partitions","table_name":"incident_management_pending_issue_escalations","connection_name":"main"}
{"severity":"DEBUG","time":"2022-06-04T08:39:56.660Z","correlation_id":null,"message":"Switched database connection","connection_name":"main"}
{"severity":"INFO","time":"2022-06-04T08:39:56.661Z","correlation_id":null,"message":"Checking state of dynamic postgres partitions","table_name":"verification_codes","connection_name":"main"}
{"severity":"INFO","time":"2022-06-04T08:39:56.714Z","correlation_id":null,"message":"Finished sync of dynamic postgres partitions"}
{"severity":"DEBUG","time":"2022-06-04T08:40:26.975Z","correlation_id":null,"message":"Using OmniAuth proc initializer"}
{"severity":"INFO","time":"2022-06-04T08:40:27.006Z","correlation_id":null,"message":"Syncing dynamic postgres partitions"}
{"severity":"DEBUG","time":"2022-06-04T08:40:27.007Z","correlation_id":null,"message":"Switched database connection","connection_name":"main"}
{"severity":"INFO","time":"2022-06-04T08:40:27.009Z","correlation_id":null,"message":"Checking state of dynamic postgres partitions","table_name":"audit_events","connection_name":"main"}
{"severity":"DEBUG","time":"2022-06-04T08:40:27.045Z","correlation_id":null,"message":"Switched database connection","connection_name":"main"}
{"severity":"INFO","time":"2022-06-04T08:40:27.046Z","correlation_id":null,"message":"Checking state of dynamic postgres partitions","table_name":"web_hook_logs","connection_name":"main"}
{"severity":"DEBUG","time":"2022-06-04T08:40:27.075Z","correlation_id":null,"message":"Switched database connection","connection_name":"main"}
{"severity":"INFO","time":"2022-06-04T08:40:27.076Z","correlation_id":null,"message":"Checking state of dynamic postgres partitions","table_name":"loose_foreign_keys_deleted_records","connection_name":"main"}
{"severity":"DEBUG","time":"2022-06-04T08:40:27.107Z","correlation_id":null,"message":"Switched database connection","connection_name":"main"}
{"severity":"INFO","time":"2022-06-04T08:40:27.108Z","correlation_id":null,"message":"Checking state of dynamic postgres partitions","table_name":"batched_background_migration_job_transition_logs","connection_name":"main"}
{"severity":"DEBUG","time":"2022-06-04T08:40:27.136Z","correlation_id":null,"message":"Switched database connection","connection_name":"main"}
{"severity":"INFO","time":"2022-06-04T08:40:27.136Z","correlation_id":null,"message":"Checking state of dynamic postgres partitions","table_name":"incident_management_pending_alert_escalations","connection_name":"main"}
{"severity":"DEBUG","time":"2022-06-04T08:40:27.161Z","correlation_id":null,"message":"Switched database connection","connection_name":"main"}
{"severity":"INFO","time":"2022-06-04T08:40:27.162Z","correlation_id":null,"message":"Checking state of dynamic postgres partitions","table_name":"incident_management_pending_issue_escalations","connection_name":"main"}
{"severity":"DEBUG","time":"2022-06-04T08:40:27.187Z","correlation_id":null,"message":"Switched database connection","connection_name":"main"}
{"severity":"INFO","time":"2022-06-04T08:40:27.187Z","correlation_id":null,"message":"Checking state of dynamic postgres partitions","table_name":"verification_codes","connection_name":"main"}
{"severity":"INFO","time":"2022-06-04T08:40:27.213Z","correlation_id":null,"message":"Finished sync of dynamic postgres partitions"}
{"severity":"DEBUG","time":"2022-06-04T08:40:36.281Z","correlation_id":null,"message":"Using OmniAuth proc initializer"}
{"severity":"INFO","time":"2022-06-04T08:40:36.327Z","correlation_id":null,"message":"Syncing dynamic postgres partitions"}
{"severity":"DEBUG","time":"2022-06-04T08:40:36.328Z","correlation_id":null,"message":"Switched database connection","connection_name":"main"}
{"severity":"INFO","time":"2022-06-04T08:40:36.329Z","correlation_id":null,"message":"Checking state of dynamic postgres partitions","table_name":"audit_events","connection_name":"main"}
{"severity":"DEBUG","time":"2022-06-04T08:40:36.368Z","correlation_id":null,"message":"Switched database connection","connection_name":"main"}
{"severity":"INFO","time":"2022-06-04T08:40:36.369Z","correlation_id":null,"message":"Checking state of dynamic postgres partitions","table_name":"web_hook_logs","connection_name":"main"}
{"severity":"DEBUG","time":"2022-06-04T08:40:36.396Z","correlation_id":null,"message":"Switched database connection","connection_name":"main"}
{"severity":"INFO","time":"2022-06-04T08:40:36.396Z","correlation_id":null,"message":"Checking state of dynamic postgres partitions","table_name":"loose_foreign_keys_deleted_records","connection_name":"main"}
{"severity":"DEBUG","time":"2022-06-04T08:40:36.435Z","correlation_id":null,"message":"Switched database connection","connection_name":"main"}
{"severity":"INFO","time":"2022-06-04T08:40:36.437Z","correlation_id":null,"message":"Checking state of dynamic postgres partitions","table_name":"batched_background_migration_job_transition_logs","connection_name":"main"}
{"severity":"DEBUG","time":"2022-06-04T08:40:36.467Z","correlation_id":null,"message":"Switched database connection","connection_name":"main"}
{"severity":"INFO","time":"2022-06-04T08:40:36.467Z","correlation_id":null,"message":"Checking state of dynamic postgres partitions","table_name":"incident_management_pending_alert_escalations","connection_name":"main"}
{"severity":"DEBUG","time":"2022-06-04T08:40:36.493Z","correlation_id":null,"message":"Switched database connection","connection_name":"main"}
{"severity":"INFO","time":"2022-06-04T08:40:36.493Z","correlation_id":null,"message":"Checking state of dynamic postgres partitions","table_name":"incident_management_pending_issue_escalations","connection_name":"main"}
{"severity":"DEBUG","time":"2022-06-04T08:40:36.520Z","correlation_id":null,"message":"Switched database connection","connection_name":"main"}
{"severity":"INFO","time":"2022-06-04T08:40:36.520Z","correlation_id":null,"message":"Checking state of dynamic postgres partitions","table_name":"verification_codes","connection_name":"main"}
{"severity":"INFO","time":"2022-06-04T08:40:36.548Z","correlation_id":null,"message":"Finished sync of dynamic postgres partitions"}
{"severity":"INFO","time":"2022-06-04T08:40:49.603Z","correlation_id":null,"message":"Application boot finished","runtime":"sidekiq","duration_s":35.18921337300003}
{"severity":"DEBUG","time":"2022-06-04T08:40:52.588Z","correlation_id":null,"message":"ActiveRecord connections disconnected"}
{"severity":"INFO","time":"2022-06-04T08:40:52.589Z","correlation_id":null,"message":"Application boot finished","runtime":"puma","duration_s":47.65566327700003}
{"severity":"DEBUG","time":"2022-06-04T08:40:53.762Z","correlation_id":null,"message":"ActiveRecord connection established"}
{"severity":"DEBUG","time":"2022-06-04T08:40:53.850Z","correlation_id":null,"message":"ActiveRecord connection established"}
{"severity":"DEBUG","time":"2022-06-04T08:40:53.919Z","correlation_id":null,"message":"ActiveRecord connection established"}
{"severity":"DEBUG","time":"2022-06-04T08:40:53.919Z","correlation_id":null,"message":"ActiveRecord connection established"}
{"severity":"DEBUG","time":"2022-06-04T08:41:18.225Z","correlation_id":null,"message":"ActiveRecord connection established"}
{"severity":"DEBUG","time":"2022-06-04T08:41:19.401Z","correlation_id":null,"message":"Using OmniAuth proc initializer"}
{"severity":"INFO","time":"2022-06-04T08:41:19.432Z","correlation_id":null,"message":"Syncing dynamic postgres partitions"}
{"severity":"DEBUG","time":"2022-06-04T08:41:19.433Z","correlation_id":null,"message":"Switched database connection","connection_name":"main"}
{"severity":"INFO","time":"2022-06-04T08:41:19.435Z","correlation_id":null,"message":"Checking state of dynamic postgres partitions","table_name":"audit_events","connection_name":"main"}
{"severity":"DEBUG","time":"2022-06-04T08:41:19.468Z","correlation_id":null,"message":"Switched database connection","connection_name":"main"}
{"severity":"INFO","time":"2022-06-04T08:41:19.469Z","correlation_id":null,"message":"Checking state of dynamic postgres partitions","table_name":"web_hook_logs","connection_name":"main"}
{"severity":"DEBUG","time":"2022-06-04T08:41:19.494Z","correlation_id":null,"message":"Switched database connection","connection_name":"main"}
{"severity":"INFO","time":"2022-06-04T08:41:19.495Z","correlation_id":null,"message":"Checking state of dynamic postgres partitions","table_name":"loose_foreign_keys_deleted_records","connection_name":"main"}
{"severity":"DEBUG","time":"2022-06-04T08:41:19.529Z","correlation_id":null,"message":"Switched database connection","connection_name":"main"}
{"severity":"INFO","time":"2022-06-04T08:41:19.529Z","correlation_id":null,"message":"Checking state of dynamic postgres partitions","table_name":"batched_background_migration_job_transition_logs","connection_name":"main"}
{"severity":"DEBUG","time":"2022-06-04T08:41:19.556Z","correlation_id":null,"message":"Switched database connection","connection_name":"main"}
{"severity":"INFO","time":"2022-06-04T08:41:19.556Z","correlation_id":null,"message":"Checking state of dynamic postgres partitions","table_name":"incident_management_pending_alert_escalations","connection_name":"main"}
{"severity":"DEBUG","time":"2022-06-04T08:41:19.580Z","correlation_id":null,"message":"Switched database connection","connection_name":"main"}
{"severity":"INFO","time":"2022-06-04T08:41:19.580Z","correlation_id":null,"message":"Checking state of dynamic postgres partitions","table_name":"incident_management_pending_issue_escalations","connection_name":"main"}
{"severity":"DEBUG","time":"2022-06-04T08:41:19.605Z","correlation_id":null,"message":"Switched database connection","connection_name":"main"}
{"severity":"INFO","time":"2022-06-04T08:41:19.605Z","correlation_id":null,"message":"Checking state of dynamic postgres partitions","table_name":"verification_codes","connection_name":"main"}
{"severity":"INFO","time":"2022-06-04T08:41:19.629Z","correlation_id":null,"message":"Finished sync of dynamic postgres partitions"}
{"severity":"DEBUG","time":"2022-06-04T08:42:02.710Z","correlation_id":null,"message":"ActiveRecord connection established"}
{"severity":"DEBUG","time":"2022-06-04T08:42:03.949Z","correlation_id":null,"message":"Using OmniAuth proc initializer"}
{"severity":"INFO","time":"2022-06-04T08:42:03.980Z","correlation_id":null,"message":"Syncing dynamic postgres partitions"}
{"severity":"DEBUG","time":"2022-06-04T08:42:03.981Z","correlation_id":null,"message":"Switched database connection","connection_name":"main"}
{"severity":"INFO","time":"2022-06-04T08:42:03.983Z","correlation_id":null,"message":"Checking state of dynamic postgres partitions","table_name":"audit_events","connection_name":"main"}
{"severity":"DEBUG","time":"2022-06-04T08:42:04.019Z","correlation_id":null,"message":"Switched database connection","connection_name":"main"}
{"severity":"INFO","time":"2022-06-04T08:42:04.020Z","correlation_id":null,"message":"Checking state of dynamic postgres partitions","table_name":"web_hook_logs","connection_name":"main"}
{"severity":"DEBUG","time":"2022-06-04T08:42:04.046Z","correlation_id":null,"message":"Switched database connection","connection_name":"main"}
{"severity":"INFO","time":"2022-06-04T08:42:04.046Z","correlation_id":null,"message":"Checking state of dynamic postgres partitions","table_name":"loose_foreign_keys_deleted_records","connection_name":"main"}
{"severity":"DEBUG","time":"2022-06-04T08:42:04.083Z","correlation_id":null,"message":"Switched database connection","connection_name":"main"}
{"severity":"INFO","time":"2022-06-04T08:42:04.084Z","correlation_id":null,"message":"Checking state of dynamic postgres partitions","table_name":"batched_background_migration_job_transition_logs","connection_name":"main"}
{"severity":"DEBUG","time":"2022-06-04T08:42:04.111Z","correlation_id":null,"message":"Switched database connection","connection_name":"main"}
{"severity":"INFO","time":"2022-06-04T08:42:04.111Z","correlation_id":null,"message":"Checking state of dynamic postgres partitions","table_name":"incident_management_pending_alert_escalations","connection_name":"main"}
{"severity":"DEBUG","time":"2022-06-04T08:42:04.140Z","correlation_id":null,"message":"Switched database connection","connection_name":"main"}
{"severity":"INFO","time":"2022-06-04T08:42:04.140Z","correlation_id":null,"message":"Checking state of dynamic postgres partitions","table_name":"incident_management_pending_issue_escalations","connection_name":"main"}
{"severity":"DEBUG","time":"2022-06-04T08:42:04.170Z","correlation_id":null,"message":"Switched database connection","connection_name":"main"}
{"severity":"INFO","time":"2022-06-04T08:42:04.170Z","correlation_id":null,"message":"Checking state of dynamic postgres partitions","table_name":"verification_codes","connection_name":"main"}
{"severity":"INFO","time":"2022-06-04T08:42:04.196Z","correlation_id":null,"message":"Finished sync of dynamic postgres partitions"}
{"severity":"INFO","time":"2022-06-04T09:00:06.890Z","correlation_id":"09d66866dac1ab41c6796a4f93018972","message":"Ci::StuckBuilds::DropPendingService: Cleaning pending timed-out builds"}
{"severity":"INFO","time":"2022-06-04T09:20:10.190Z","correlation_id":"e465b98a95f415801b9e3397156f6b68","message":"Ci::StuckBuilds::DropRunningService: Cleaning running, timed-out builds"}
{"severity":"INFO","time":"2022-06-04T09:28:16.534Z","correlation_id":"01G4Q0PE1529QYPWFJT81BXNB8","message":"Successful Login: username=root ip=1.52.24.104 method=standard admin=true"}
{"severity":"INFO","time":"2022-06-04T09:29:00.209Z","correlation_id":"01G4Q0QRTV9XPKD0WK5544EDFH","message":"Successful Login: username=root ip=1.52.24.104 method=standard admin=true"}
{"severity":"INFO","time":"2022-06-04T09:29:38.445Z","correlation_id":"01G4Q0RXX0XBRZE0NQH8ZW7QWC","message":"Administrator created a new project \"GitLab Instance / flask-docker\""}
{"severity":"INFO","time":"2022-06-04T09:29:39.070Z","correlation_id":"01G4Q0RYWCBAWHEAHE8KMGRRY5","message":"Updating statistics for project 2"}
{"severity":"INFO","time":"2022-06-04T09:29:39.249Z","correlation_id":"01G4Q0RYWCBAWHEAHE8KMGRRY5","message":"Updating statistics for project 2"}
{"severity":"INFO","time":"2022-06-04T09:31:58.269Z","correlation_id":"01G4Q0X6VAE0RZFCEFFHPVR7H6","message":"PAT CREATION: created_by: 'root', created_for: 'root', token_id: '1'"}
{"severity":"INFO","time":"2022-06-04T09:36:05.096Z","correlation_id":"01G4Q14PSYFGTSJQGBPFR9F4DH","message":"Pipeline authorized","project_id":2,"user_id":1}
{"severity":"ERROR","time":"2022-06-04T09:36:05.618Z","correlation_id":"01G4Q14PSYFGTSJQGBPFR9F4DH","message":"Requested to expire non-existent method 'license' for Repository"}
{"severity":"ERROR","time":"2022-06-04T09:36:05.761Z","correlation_id":"01G4Q14PSYFGTSJQGBPFR9F4DH","message":"Cannot obtain an exclusive lease for ci/pipeline_processing/atomic_processing_service::pipeline_id:1. There must be another instance already in execution."}
{"severity":"ERROR","time":"2022-06-04T09:36:05.856Z","correlation_id":"01G4Q14PSYFGTSJQGBPFR9F4DH","message":"Cannot obtain an exclusive lease for ci/pipeline_processing/atomic_processing_service::pipeline_id:1. There must be another instance already in execution."}
{"severity":"ERROR","time":"2022-06-04T09:36:05.892Z","correlation_id":"01G4Q14PSYFGTSJQGBPFR9F4DH","message":"Cannot obtain an exclusive lease for ci/pipeline_processing/atomic_processing_service::pipeline_id:1. There must be another instance already in execution."}
{"severity":"INFO","time":"2022-06-04T09:40:12.504Z","correlation_id":"aa828de751b552c6f8a58099b225e0d2","message":"Ci::StuckBuilds::DropScheduledService: Cleaning scheduled, timed-out builds"}
