=== puma startup: 2022-06-04 08:40:52 +0000 ===
{"timestamp":"2022-06-04T08:40:52.589Z","pid":890,"message":"! Promoting existing objects to old generation..."}
{"timestamp":"2022-06-04T08:40:53.270Z","pid":890,"message":"! Compacting..."}
Note: GC compacting is currently disabled. Refer to `config/initializers_before_autoloader/003_gc_compact.rb` for details.
{"timestamp":"2022-06-04T08:40:53.270Z","pid":890,"message":"! Friendly fork preparation complete."}
{"timestamp":"2022-06-04T08:40:53.780Z","pid":890,"message":"- Worker 0 (PID: 1085) booted in 0.5s, phase: 0"}
{"timestamp":"2022-06-04T08:40:53.865Z","pid":890,"message":"- Worker 3 (PID: 1093) booted in 0.56s, phase: 0"}
{"timestamp":"2022-06-04T08:40:53.933Z","pid":890,"message":"- Worker 2 (PID: 1091) booted in 0.63s, phase: 0"}
{"timestamp":"2022-06-04T08:40:53.936Z","pid":890,"message":"- Worker 1 (PID: 1087) booted in 0.65s, phase: 0"}
{"timestamp":"2022-06-04T08:41:12.579Z","pid":890,"message":"PumaWorkerKiller: Consuming 3649.33203125 mb with master and 4 workers."}
{"timestamp":"2022-06-04T08:41:32.580Z","pid":890,"message":"PumaWorkerKiller: Consuming 3641.09765625 mb with master and 4 workers."}
{"timestamp":"2022-06-04T08:41:52.581Z","pid":890,"message":"PumaWorkerKiller: Consuming 3633.03515625 mb with master and 4 workers."}
{"timestamp":"2022-06-04T08:42:12.582Z","pid":890,"message":"PumaWorkerKiller: Consuming 3672.13671875 mb with master and 4 workers."}
{"timestamp":"2022-06-04T08:42:32.583Z","pid":890,"message":"PumaWorkerKiller: Consuming 3676.40234375 mb with master and 4 workers."}
{"timestamp":"2022-06-04T08:42:52.584Z","pid":890,"message":"PumaWorkerKiller: Consuming 3673.23046875 mb with master and 4 workers."}
{"timestamp":"2022-06-04T08:43:12.585Z","pid":890,"message":"PumaWorkerKiller: Consuming 3695.609375 mb with master and 4 workers."}
{"timestamp":"2022-06-04T08:43:32.585Z","pid":890,"message":"PumaWorkerKiller: Consuming 3700.47265625 mb with master and 4 workers."}
{"timestamp":"2022-06-04T08:43:52.586Z","pid":890,"message":"PumaWorkerKiller: Consuming 3705.83984375 mb with master and 4 workers."}
{"timestamp":"2022-06-04T08:44:12.587Z","pid":890,"message":"PumaWorkerKiller: Consuming 3708.25390625 mb with master and 4 workers."}
{"timestamp":"2022-06-04T08:44:32.588Z","pid":890,"message":"PumaWorkerKiller: Consuming 3716.80078125 mb with master and 4 workers."}
{"timestamp":"2022-06-04T08:44:52.589Z","pid":890,"message":"PumaWorkerKiller: Consuming 3705.62890625 mb with master and 4 workers."}
{"timestamp":"2022-06-04T08:45:12.590Z","pid":890,"message":"PumaWorkerKiller: Consuming 3713.56640625 mb with master and 4 workers."}
{"timestamp":"2022-06-04T08:45:32.591Z","pid":890,"message":"PumaWorkerKiller: Consuming 3718.515625 mb with master and 4 workers."}
{"timestamp":"2022-06-04T08:45:52.592Z","pid":890,"message":"PumaWorkerKiller: Consuming 3723.3515625 mb with master and 4 workers."}
{"timestamp":"2022-06-04T08:46:12.592Z","pid":890,"message":"PumaWorkerKiller: Consuming 3721.12109375 mb with master and 4 workers."}
{"timestamp":"2022-06-04T08:46:32.593Z","pid":890,"message":"PumaWorkerKiller: Consuming 3725.1328125 mb with master and 4 workers."}
{"timestamp":"2022-06-04T08:46:52.594Z","pid":890,"message":"PumaWorkerKiller: Consuming 3727.78125 mb with master and 4 workers."}
{"timestamp":"2022-06-04T08:47:12.595Z","pid":890,"message":"PumaWorkerKiller: Consuming 3730.18359375 mb with master and 4 workers."}
{"timestamp":"2022-06-04T08:47:32.596Z","pid":890,"message":"PumaWorkerKiller: Consuming 3729.98828125 mb with master and 4 workers."}
{"timestamp":"2022-06-04T08:47:52.597Z","pid":890,"message":"PumaWorkerKiller: Consuming 3730.09375 mb with master and 4 workers."}
{"timestamp":"2022-06-04T08:48:12.597Z","pid":890,"message":"PumaWorkerKiller: Consuming 3727.296875 mb with master and 4 workers."}
{"timestamp":"2022-06-04T08:48:32.598Z","pid":890,"message":"PumaWorkerKiller: Consuming 3728.4375 mb with master and 4 workers."}
{"timestamp":"2022-06-04T08:48:52.599Z","pid":890,"message":"PumaWorkerKiller: Consuming 3730.1875 mb with master and 4 workers."}
{"timestamp":"2022-06-04T08:49:12.600Z","pid":890,"message":"PumaWorkerKiller: Consuming 3737.58984375 mb with master and 4 workers."}
{"timestamp":"2022-06-04T08:49:32.601Z","pid":890,"message":"PumaWorkerKiller: Consuming 3738.3359375 mb with master and 4 workers."}
{"timestamp":"2022-06-04T08:49:52.602Z","pid":890,"message":"PumaWorkerKiller: Consuming 3740.69921875 mb with master and 4 workers."}
{"timestamp":"2022-06-04T08:50:12.602Z","pid":890,"message":"PumaWorkerKiller: Consuming 3739.34375 mb with master and 4 workers."}
{"timestamp":"2022-06-04T08:50:32.603Z","pid":890,"message":"PumaWorkerKiller: Consuming 3744.5390625 mb with master and 4 workers."}
{"timestamp":"2022-06-04T08:50:52.604Z","pid":890,"message":"PumaWorkerKiller: Consuming 3746.41796875 mb with master and 4 workers."}
{"timestamp":"2022-06-04T08:51:12.605Z","pid":890,"message":"PumaWorkerKiller: Consuming 3756.984375 mb with master and 4 workers."}
{"timestamp":"2022-06-04T08:51:32.606Z","pid":890,"message":"PumaWorkerKiller: Consuming 3757.46484375 mb with master and 4 workers."}
{"timestamp":"2022-06-04T08:51:52.607Z","pid":890,"message":"PumaWorkerKiller: Consuming 3760.421875 mb with master and 4 workers."}
{"timestamp":"2022-06-04T08:52:12.608Z","pid":890,"message":"PumaWorkerKiller: Consuming 3766.05859375 mb with master and 4 workers."}
{"timestamp":"2022-06-04T08:52:32.609Z","pid":890,"message":"PumaWorkerKiller: Consuming 3765.43359375 mb with master and 4 workers."}
{"timestamp":"2022-06-04T08:52:52.609Z","pid":890,"message":"PumaWorkerKiller: Consuming 3769.5625 mb with master and 4 workers."}
{"timestamp":"2022-06-04T08:53:12.611Z","pid":890,"message":"PumaWorkerKiller: Consuming 3773.5703125 mb with master and 4 workers."}
{"timestamp":"2022-06-04T08:53:32.611Z","pid":890,"message":"PumaWorkerKiller: Consuming 3771.95703125 mb with master and 4 workers."}
{"timestamp":"2022-06-04T08:53:52.612Z","pid":890,"message":"PumaWorkerKiller: Consuming 3775.703125 mb with master and 4 workers."}
{"timestamp":"2022-06-04T08:54:12.613Z","pid":890,"message":"PumaWorkerKiller: Consuming 3790.80078125 mb with master and 4 workers."}
{"timestamp":"2022-06-04T08:54:32.614Z","pid":890,"message":"PumaWorkerKiller: Consuming 3791.90625 mb with master and 4 workers."}
{"timestamp":"2022-06-04T08:54:52.615Z","pid":890,"message":"PumaWorkerKiller: Consuming 3797.49609375 mb with master and 4 workers."}
{"timestamp":"2022-06-04T08:55:12.616Z","pid":890,"message":"PumaWorkerKiller: Consuming 3799.046875 mb with master and 4 workers."}
{"timestamp":"2022-06-04T08:55:32.616Z","pid":890,"message":"PumaWorkerKiller: Consuming 3804.4453125 mb with master and 4 workers."}
{"timestamp":"2022-06-04T08:55:52.617Z","pid":890,"message":"PumaWorkerKiller: Consuming 3808.765625 mb with master and 4 workers."}
{"timestamp":"2022-06-04T08:56:12.618Z","pid":890,"message":"PumaWorkerKiller: Consuming 3809.46484375 mb with master and 4 workers."}
{"timestamp":"2022-06-04T08:56:32.619Z","pid":890,"message":"PumaWorkerKiller: Consuming 3806.7109375 mb with master and 4 workers."}
{"timestamp":"2022-06-04T08:56:52.620Z","pid":890,"message":"PumaWorkerKiller: Consuming 3808.7265625 mb with master and 4 workers."}
{"timestamp":"2022-06-04T08:57:12.621Z","pid":890,"message":"PumaWorkerKiller: Consuming 3808.36328125 mb with master and 4 workers."}
{"timestamp":"2022-06-04T08:57:32.622Z","pid":890,"message":"PumaWorkerKiller: Consuming 3809.0390625 mb with master and 4 workers."}
{"timestamp":"2022-06-04T08:57:52.623Z","pid":890,"message":"PumaWorkerKiller: Consuming 3811.76953125 mb with master and 4 workers."}
{"timestamp":"2022-06-04T08:58:12.624Z","pid":890,"message":"PumaWorkerKiller: Consuming 3812.94140625 mb with master and 4 workers."}
{"timestamp":"2022-06-04T08:58:32.625Z","pid":890,"message":"PumaWorkerKiller: Consuming 3816.21484375 mb with master and 4 workers."}
{"timestamp":"2022-06-04T08:58:52.626Z","pid":890,"message":"PumaWorkerKiller: Consuming 3815.0859375 mb with master and 4 workers."}
{"timestamp":"2022-06-04T08:59:12.627Z","pid":890,"message":"PumaWorkerKiller: Consuming 3814.2890625 mb with master and 4 workers."}
{"timestamp":"2022-06-04T08:59:32.627Z","pid":890,"message":"PumaWorkerKiller: Consuming 3818.59375 mb with master and 4 workers."}
{"timestamp":"2022-06-04T08:59:52.628Z","pid":890,"message":"PumaWorkerKiller: Consuming 3819.91796875 mb with master and 4 workers."}
{"timestamp":"2022-06-04T09:00:12.629Z","pid":890,"message":"PumaWorkerKiller: Consuming 3825.85546875 mb with master and 4 workers."}
{"timestamp":"2022-06-04T09:00:32.630Z","pid":890,"message":"PumaWorkerKiller: Consuming 3827.3359375 mb with master and 4 workers."}
{"timestamp":"2022-06-04T09:00:52.631Z","pid":890,"message":"PumaWorkerKiller: Consuming 3829.5625 mb with master and 4 workers."}
{"timestamp":"2022-06-04T09:01:12.632Z","pid":890,"message":"PumaWorkerKiller: Consuming 3824.640625 mb with master and 4 workers."}
{"timestamp":"2022-06-04T09:01:32.633Z","pid":890,"message":"PumaWorkerKiller: Consuming 3830.21875 mb with master and 4 workers."}
{"timestamp":"2022-06-04T09:01:52.633Z","pid":890,"message":"PumaWorkerKiller: Consuming 3838.421875 mb with master and 4 workers."}
{"timestamp":"2022-06-04T09:02:12.634Z","pid":890,"message":"PumaWorkerKiller: Consuming 3837.484375 mb with master and 4 workers."}
{"timestamp":"2022-06-04T09:02:32.635Z","pid":890,"message":"PumaWorkerKiller: Consuming 3838.23046875 mb with master and 4 workers."}
{"timestamp":"2022-06-04T09:02:52.636Z","pid":890,"message":"PumaWorkerKiller: Consuming 3840.60546875 mb with master and 4 workers."}
{"timestamp":"2022-06-04T09:03:12.637Z","pid":890,"message":"PumaWorkerKiller: Consuming 3837.96875 mb with master and 4 workers."}
{"timestamp":"2022-06-04T09:03:32.637Z","pid":890,"message":"PumaWorkerKiller: Consuming 3841.24609375 mb with master and 4 workers."}
{"timestamp":"2022-06-04T09:03:52.638Z","pid":890,"message":"PumaWorkerKiller: Consuming 3841.68359375 mb with master and 4 workers."}
{"timestamp":"2022-06-04T09:04:12.639Z","pid":890,"message":"PumaWorkerKiller: Consuming 3841.18359375 mb with master and 4 workers."}
{"timestamp":"2022-06-04T09:04:32.640Z","pid":890,"message":"PumaWorkerKiller: Consuming 3842.80859375 mb with master and 4 workers."}
{"timestamp":"2022-06-04T09:04:52.641Z","pid":890,"message":"PumaWorkerKiller: Consuming 3848.21484375 mb with master and 4 workers."}
{"timestamp":"2022-06-04T09:05:12.642Z","pid":890,"message":"PumaWorkerKiller: Consuming 3850.5703125 mb with master and 4 workers."}
{"timestamp":"2022-06-04T09:05:32.643Z","pid":890,"message":"PumaWorkerKiller: Consuming 3848.7421875 mb with master and 4 workers."}
{"timestamp":"2022-06-04T09:05:52.643Z","pid":890,"message":"PumaWorkerKiller: Consuming 3851.34375 mb with master and 4 workers."}
{"timestamp":"2022-06-04T09:06:12.645Z","pid":890,"message":"PumaWorkerKiller: Consuming 3857.2890625 mb with master and 4 workers."}
{"timestamp":"2022-06-04T09:06:32.645Z","pid":890,"message":"PumaWorkerKiller: Consuming 3857.65625 mb with master and 4 workers."}
{"timestamp":"2022-06-04T09:06:52.646Z","pid":890,"message":"PumaWorkerKiller: Consuming 3859.48828125 mb with master and 4 workers."}
{"timestamp":"2022-06-04T09:07:12.647Z","pid":890,"message":"PumaWorkerKiller: Consuming 3861.55078125 mb with master and 4 workers."}
{"timestamp":"2022-06-04T09:07:32.648Z","pid":890,"message":"PumaWorkerKiller: Consuming 3865.07421875 mb with master and 4 workers."}
{"timestamp":"2022-06-04T09:07:52.649Z","pid":890,"message":"PumaWorkerKiller: Consuming 3864.359375 mb with master and 4 workers."}
{"timestamp":"2022-06-04T09:08:12.649Z","pid":890,"message":"PumaWorkerKiller: Consuming 3865.48046875 mb with master and 4 workers."}
{"timestamp":"2022-06-04T09:08:32.651Z","pid":890,"message":"PumaWorkerKiller: Consuming 3865.0546875 mb with master and 4 workers."}
{"timestamp":"2022-06-04T09:08:52.651Z","pid":890,"message":"PumaWorkerKiller: Consuming 3865.515625 mb with master and 4 workers."}
{"timestamp":"2022-06-04T09:09:12.652Z","pid":890,"message":"PumaWorkerKiller: Consuming 3865.46484375 mb with master and 4 workers."}
{"timestamp":"2022-06-04T09:09:32.653Z","pid":890,"message":"PumaWorkerKiller: Consuming 3866.8515625 mb with master and 4 workers."}
{"timestamp":"2022-06-04T09:09:52.654Z","pid":890,"message":"PumaWorkerKiller: Consuming 3869.16796875 mb with master and 4 workers."}
{"timestamp":"2022-06-04T09:10:12.655Z","pid":890,"message":"PumaWorkerKiller: Consuming 3866.375 mb with master and 4 workers."}
{"timestamp":"2022-06-04T09:10:32.656Z","pid":890,"message":"PumaWorkerKiller: Consuming 3867.76171875 mb with master and 4 workers."}
{"timestamp":"2022-06-04T09:10:52.657Z","pid":890,"message":"PumaWorkerKiller: Consuming 3872.1328125 mb with master and 4 workers."}
{"timestamp":"2022-06-04T09:11:12.658Z","pid":890,"message":"PumaWorkerKiller: Consuming 3873.921875 mb with master and 4 workers."}
{"timestamp":"2022-06-04T09:11:32.659Z","pid":890,"message":"PumaWorkerKiller: Consuming 3874.8515625 mb with master and 4 workers."}
{"timestamp":"2022-06-04T09:11:52.660Z","pid":890,"message":"PumaWorkerKiller: Consuming 3876.60546875 mb with master and 4 workers."}
{"timestamp":"2022-06-04T09:12:12.661Z","pid":890,"message":"PumaWorkerKiller: Consuming 3877.88671875 mb with master and 4 workers."}
{"timestamp":"2022-06-04T09:12:32.662Z","pid":890,"message":"PumaWorkerKiller: Consuming 3878.8671875 mb with master and 4 workers."}
{"timestamp":"2022-06-04T09:12:52.663Z","pid":890,"message":"PumaWorkerKiller: Consuming 3875.828125 mb with master and 4 workers."}
{"timestamp":"2022-06-04T09:13:12.664Z","pid":890,"message":"PumaWorkerKiller: Consuming 3873.61328125 mb with master and 4 workers."}
{"timestamp":"2022-06-04T09:13:32.665Z","pid":890,"message":"PumaWorkerKiller: Consuming 3873.55859375 mb with master and 4 workers."}
{"timestamp":"2022-06-04T09:13:52.665Z","pid":890,"message":"PumaWorkerKiller: Consuming 3876.62109375 mb with master and 4 workers."}
{"timestamp":"2022-06-04T09:14:12.666Z","pid":890,"message":"PumaWorkerKiller: Consuming 3875.4921875 mb with master and 4 workers."}
{"timestamp":"2022-06-04T09:14:32.667Z","pid":890,"message":"PumaWorkerKiller: Consuming 3879.19140625 mb with master and 4 workers."}
{"timestamp":"2022-06-04T09:14:52.668Z","pid":890,"message":"PumaWorkerKiller: Consuming 3881.43359375 mb with master and 4 workers."}
{"timestamp":"2022-06-04T09:15:12.669Z","pid":890,"message":"PumaWorkerKiller: Consuming 3879.22265625 mb with master and 4 workers."}
{"timestamp":"2022-06-04T09:15:32.670Z","pid":890,"message":"PumaWorkerKiller: Consuming 3877.09765625 mb with master and 4 workers."}
{"timestamp":"2022-06-04T09:15:52.671Z","pid":890,"message":"PumaWorkerKiller: Consuming 3879.484375 mb with master and 4 workers."}
{"timestamp":"2022-06-04T09:16:12.672Z","pid":890,"message":"PumaWorkerKiller: Consuming 3877.9375 mb with master and 4 workers."}
{"timestamp":"2022-06-04T09:16:32.673Z","pid":890,"message":"PumaWorkerKiller: Consuming 3879.5078125 mb with master and 4 workers."}
{"timestamp":"2022-06-04T09:16:52.673Z","pid":890,"message":"PumaWorkerKiller: Consuming 3879.78125 mb with master and 4 workers."}
{"timestamp":"2022-06-04T09:17:12.674Z","pid":890,"message":"PumaWorkerKiller: Consuming 3880.453125 mb with master and 4 workers."}
{"timestamp":"2022-06-04T09:17:32.675Z","pid":890,"message":"PumaWorkerKiller: Consuming 3885.16015625 mb with master and 4 workers."}
{"timestamp":"2022-06-04T09:17:52.676Z","pid":890,"message":"PumaWorkerKiller: Consuming 3884.984375 mb with master and 4 workers."}
{"timestamp":"2022-06-04T09:18:12.677Z","pid":890,"message":"PumaWorkerKiller: Consuming 3884.28125 mb with master and 4 workers."}
{"timestamp":"2022-06-04T09:18:32.677Z","pid":890,"message":"PumaWorkerKiller: Consuming 3881.66015625 mb with master and 4 workers."}
{"timestamp":"2022-06-04T09:18:52.678Z","pid":890,"message":"PumaWorkerKiller: Consuming 3882.90234375 mb with master and 4 workers."}
{"timestamp":"2022-06-04T09:19:12.679Z","pid":890,"message":"PumaWorkerKiller: Consuming 3880.74609375 mb with master and 4 workers."}
{"timestamp":"2022-06-04T09:19:32.680Z","pid":890,"message":"PumaWorkerKiller: Consuming 3881.97265625 mb with master and 4 workers."}
{"timestamp":"2022-06-04T09:19:52.681Z","pid":890,"message":"PumaWorkerKiller: Consuming 3882.49609375 mb with master and 4 workers."}
{"timestamp":"2022-06-04T09:20:12.682Z","pid":890,"message":"PumaWorkerKiller: Consuming 3881.65234375 mb with master and 4 workers."}
{"timestamp":"2022-06-04T09:20:32.683Z","pid":890,"message":"PumaWorkerKiller: Consuming 3877.92578125 mb with master and 4 workers."}
{"timestamp":"2022-06-04T09:20:52.684Z","pid":890,"message":"PumaWorkerKiller: Consuming 3878.91015625 mb with master and 4 workers."}
{"timestamp":"2022-06-04T09:21:12.684Z","pid":890,"message":"PumaWorkerKiller: Consuming 3879.8203125 mb with master and 4 workers."}
{"timestamp":"2022-06-04T09:21:32.685Z","pid":890,"message":"PumaWorkerKiller: Consuming 3886.609375 mb with master and 4 workers."}
{"timestamp":"2022-06-04T09:21:52.686Z","pid":890,"message":"PumaWorkerKiller: Consuming 3888.38671875 mb with master and 4 workers."}
{"timestamp":"2022-06-04T09:22:12.687Z","pid":890,"message":"PumaWorkerKiller: Consuming 3887.92578125 mb with master and 4 workers."}
{"timestamp":"2022-06-04T09:22:32.688Z","pid":890,"message":"PumaWorkerKiller: Consuming 3886.390625 mb with master and 4 workers."}
{"timestamp":"2022-06-04T09:22:52.689Z","pid":890,"message":"PumaWorkerKiller: Consuming 3886.75390625 mb with master and 4 workers."}
{"timestamp":"2022-06-04T09:23:12.689Z","pid":890,"message":"PumaWorkerKiller: Consuming 3881.54296875 mb with master and 4 workers."}
{"timestamp":"2022-06-04T09:23:32.690Z","pid":890,"message":"PumaWorkerKiller: Consuming 3882.15625 mb with master and 4 workers."}
{"timestamp":"2022-06-04T09:23:52.691Z","pid":890,"message":"PumaWorkerKiller: Consuming 3881.2890625 mb with master and 4 workers."}
{"timestamp":"2022-06-04T09:24:12.692Z","pid":890,"message":"PumaWorkerKiller: Consuming 3877.23046875 mb with master and 4 workers."}
{"timestamp":"2022-06-04T09:24:32.693Z","pid":890,"message":"PumaWorkerKiller: Consuming 3876.1171875 mb with master and 4 workers."}
{"timestamp":"2022-06-04T09:24:52.694Z","pid":890,"message":"PumaWorkerKiller: Consuming 3881.8125 mb with master and 4 workers."}
{"timestamp":"2022-06-04T09:25:12.695Z","pid":890,"message":"PumaWorkerKiller: Consuming 3882.4609375 mb with master and 4 workers."}
{"timestamp":"2022-06-04T09:25:32.696Z","pid":890,"message":"PumaWorkerKiller: Consuming 3885.703125 mb with master and 4 workers."}
{"timestamp":"2022-06-04T09:25:52.697Z","pid":890,"message":"PumaWorkerKiller: Consuming 3892.2265625 mb with master and 4 workers."}
{"timestamp":"2022-06-04T09:26:12.698Z","pid":890,"message":"PumaWorkerKiller: Consuming 3889.01171875 mb with master and 4 workers."}
{"timestamp":"2022-06-04T09:26:32.698Z","pid":890,"message":"PumaWorkerKiller: Consuming 3885.9375 mb with master and 4 workers."}
{"timestamp":"2022-06-04T09:26:52.699Z","pid":890,"message":"PumaWorkerKiller: Consuming 3890.03125 mb with master and 4 workers."}
{"timestamp":"2022-06-04T09:27:12.700Z","pid":890,"message":"PumaWorkerKiller: Consuming 3893.06640625 mb with master and 4 workers."}
{"timestamp":"2022-06-04T09:27:32.701Z","pid":890,"message":"PumaWorkerKiller: Consuming 3892.51953125 mb with master and 4 workers."}
{"timestamp":"2022-06-04T09:27:52.702Z","pid":890,"message":"PumaWorkerKiller: Consuming 3889.88671875 mb with master and 4 workers."}
{"timestamp":"2022-06-04T09:28:12.703Z","pid":890,"message":"PumaWorkerKiller: Consuming 3894.9375 mb with master and 4 workers."}
{"timestamp":"2022-06-04T09:28:32.704Z","pid":890,"message":"PumaWorkerKiller: Consuming 3910.33984375 mb with master and 4 workers."}
{"timestamp":"2022-06-04T09:28:52.704Z","pid":890,"message":"PumaWorkerKiller: Consuming 3900.36328125 mb with master and 4 workers."}
{"timestamp":"2022-06-04T09:29:12.705Z","pid":890,"message":"PumaWorkerKiller: Consuming 3883.578125 mb with master and 4 workers."}
{"timestamp":"2022-06-04T09:29:32.706Z","pid":890,"message":"PumaWorkerKiller: Consuming 3879.28515625 mb with master and 4 workers."}
{"timestamp":"2022-06-04T09:29:52.707Z","pid":890,"message":"PumaWorkerKiller: Consuming 3905.484375 mb with master and 4 workers."}
{"timestamp":"2022-06-04T09:30:12.708Z","pid":890,"message":"PumaWorkerKiller: Consuming 3899.9765625 mb with master and 4 workers."}
{"timestamp":"2022-06-04T09:30:32.709Z","pid":890,"message":"PumaWorkerKiller: Consuming 3900.84765625 mb with master and 4 workers."}
{"timestamp":"2022-06-04T09:30:52.709Z","pid":890,"message":"PumaWorkerKiller: Consuming 3899.171875 mb with master and 4 workers."}
{"timestamp":"2022-06-04T09:31:12.710Z","pid":890,"message":"PumaWorkerKiller: Consuming 3905.3125 mb with master and 4 workers."}
{"timestamp":"2022-06-04T09:31:32.711Z","pid":890,"message":"PumaWorkerKiller: Consuming 3906.59765625 mb with master and 4 workers."}
{"timestamp":"2022-06-04T09:31:52.712Z","pid":890,"message":"PumaWorkerKiller: Consuming 3904.09765625 mb with master and 4 workers."}
{"timestamp":"2022-06-04T09:32:12.713Z","pid":890,"message":"PumaWorkerKiller: Consuming 3902.109375 mb with master and 4 workers."}
{"timestamp":"2022-06-04T09:32:32.714Z","pid":890,"message":"PumaWorkerKiller: Consuming 3904.47265625 mb with master and 4 workers."}
{"timestamp":"2022-06-04T09:32:52.715Z","pid":890,"message":"PumaWorkerKiller: Consuming 3903.0078125 mb with master and 4 workers."}
{"timestamp":"2022-06-04T09:33:12.715Z","pid":890,"message":"PumaWorkerKiller: Consuming 3903.828125 mb with master and 4 workers."}
{"timestamp":"2022-06-04T09:33:32.716Z","pid":890,"message":"PumaWorkerKiller: Consuming 3906.484375 mb with master and 4 workers."}
{"timestamp":"2022-06-04T09:33:52.717Z","pid":890,"message":"PumaWorkerKiller: Consuming 3910.48046875 mb with master and 4 workers."}
{"timestamp":"2022-06-04T09:34:12.718Z","pid":890,"message":"PumaWorkerKiller: Consuming 3914.9375 mb with master and 4 workers."}
{"timestamp":"2022-06-04T09:34:32.719Z","pid":890,"message":"PumaWorkerKiller: Consuming 3915.07421875 mb with master and 4 workers."}
{"timestamp":"2022-06-04T09:34:52.719Z","pid":890,"message":"PumaWorkerKiller: Consuming 3910.90234375 mb with master and 4 workers."}
{"timestamp":"2022-06-04T09:35:12.720Z","pid":890,"message":"PumaWorkerKiller: Consuming 3913.3515625 mb with master and 4 workers."}
{"timestamp":"2022-06-04T09:35:32.721Z","pid":890,"message":"PumaWorkerKiller: Consuming 3920.71875 mb with master and 4 workers."}
{"timestamp":"2022-06-04T09:35:52.723Z","pid":890,"message":"PumaWorkerKiller: Consuming 3921.3046875 mb with master and 4 workers."}
{"timestamp":"2022-06-04T09:36:12.724Z","pid":890,"message":"PumaWorkerKiller: Consuming 3926.72265625 mb with master and 4 workers."}
{"timestamp":"2022-06-04T09:36:32.724Z","pid":890,"message":"PumaWorkerKiller: Consuming 3928.63671875 mb with master and 4 workers."}
{"timestamp":"2022-06-04T09:36:52.725Z","pid":890,"message":"PumaWorkerKiller: Consuming 3926.0078125 mb with master and 4 workers."}
{"timestamp":"2022-06-04T09:37:12.727Z","pid":890,"message":"PumaWorkerKiller: Consuming 3925.2578125 mb with master and 4 workers."}
{"timestamp":"2022-06-04T09:37:32.727Z","pid":890,"message":"PumaWorkerKiller: Consuming 3925.984375 mb with master and 4 workers."}
{"timestamp":"2022-06-04T09:37:52.728Z","pid":890,"message":"PumaWorkerKiller: Consuming 3925.8359375 mb with master and 4 workers."}
{"timestamp":"2022-06-04T09:38:12.729Z","pid":890,"message":"PumaWorkerKiller: Consuming 3931.01171875 mb with master and 4 workers."}
{"timestamp":"2022-06-04T09:38:32.730Z","pid":890,"message":"PumaWorkerKiller: Consuming 3933.75 mb with master and 4 workers."}
{"timestamp":"2022-06-04T09:38:52.731Z","pid":890,"message":"PumaWorkerKiller: Consuming 3937.21484375 mb with master and 4 workers."}
{"timestamp":"2022-06-04T09:39:12.732Z","pid":890,"message":"PumaWorkerKiller: Consuming 3938.12109375 mb with master and 4 workers."}
{"timestamp":"2022-06-04T09:39:32.733Z","pid":890,"message":"PumaWorkerKiller: Consuming 3939.68359375 mb with master and 4 workers."}
{"timestamp":"2022-06-04T09:39:52.734Z","pid":890,"message":"PumaWorkerKiller: Consuming 3947.72265625 mb with master and 4 workers."}
{"timestamp":"2022-06-04T09:40:12.734Z","pid":890,"message":"PumaWorkerKiller: Consuming 3944.640625 mb with master and 4 workers."}
{"timestamp":"2022-06-04T09:40:32.735Z","pid":890,"message":"PumaWorkerKiller: Consuming 3945.859375 mb with master and 4 workers."}
{"timestamp":"2022-06-04T09:40:52.736Z","pid":890,"message":"PumaWorkerKiller: Consuming 3946.80078125 mb with master and 4 workers."}
{"timestamp":"2022-06-04T09:41:12.738Z","pid":890,"message":"PumaWorkerKiller: Consuming 3946.9921875 mb with master and 4 workers."}
{"timestamp":"2022-06-04T09:41:32.739Z","pid":890,"message":"PumaWorkerKiller: Consuming 3945.65234375 mb with master and 4 workers."}
